  MuMedia.cpp
e:\projects\private\mumumusic\src\libmumediahandler\src\MuMedia_p.h(18): warning C4251: “MuMediaData::mediaFileName”: class“std::basic_string<char,std::char_traits<char>,std::allocator<char>>”需要有 dll 接口由 class“MuMediaData”的客户端使用
  D:\vs2015\VC\include\xstring(2633): note: 参见“std::basic_string<char,std::char_traits<char>,std::allocator<char>>”的声明
e:\projects\private\mumumusic\src\libmumediahandler\src\MuMedia_p.h(19): warning C4251: “MuMediaData::audioBrief”: class“std::map<std::string,std::string,std::less<_Kty>,std::allocator<std::pair<const _Kty,_Ty>>>”需要有 dll 接口由 class“MuMediaData”的客户端使用
          with
          [
              _Kty=std::string,
              _Ty=std::string
          ]
  e:\projects\private\mumumusic\src\libmumediahandler\src\MuMedia_p.h(19): note: 参见“std::map<std::string,std::string,std::less<_Kty>,std::allocator<std::pair<const _Kty,_Ty>>>”的声明
          with
          [
              _Kty=std::string,
              _Ty=std::string
          ]
e:\projects\private\mumumusic\src\libmumediahandler\src\MuMedia_p.h(22): warning C4251: “MuMediaData::attachedPic”: struct“std::pair<uint8_t *,int>”需要有 dll 接口由 class“MuMediaData”的客户端使用
  e:\projects\private\mumumusic\src\libmumediahandler\src\MuMedia.h(26): note: 参见“std::pair<uint8_t *,int>”的声明
e:\projects\private\mumumusic\src\libmumediahandler\include\libavutil\rational.h : warning C4819: 该文件包含不能在当前代码页(936)中表示的字符。请将该文件保存为 Unicode 格式以防止数据丢失
src\MuMedia.cpp(77): warning C4244: “初始化”: 从“std::streamoff”转换到“long”，可能丢失数据
src\MuMedia.cpp(89): warning C4189: “d”: 局部变量已初始化但不引用
    正在创建库 ..\..\lib\\MuMediaHandler.lib 和对象 ..\..\lib\\MuMediaHandler.exp
  MuMediaHandler.vcxproj -> E:\projects\private\MumuMusic\src\libMuMediaHandler\..\..\lib\MuMediaHandler.dll
  MuMediaHandler.vcxproj -> ..\..\lib\MuMediaHandler.pdb (Full PDB)
  已复制         1 个文件。
